<?xml version="1.0" encoding="UTF-8"?>
<!-- Generated by org.testng.reporters.JUnitReportReporter -->
<testsuite skipped="0" hostname="DESKTOP-44SJU5V" name="db_practice.MavenParameter" tests="1" failures="0" timestamp="2021-11-11T10:39:03 IST" time="0.018" errors="0">
  <testcase name="MavenParameterRead" time="0.018" classname="db_practice.MavenParameter"/>
  <system-out/>
</testsuite> <!-- db_practice.MavenParameter -->
