<?xml version="1.0" encoding="UTF-8"?>
<!-- Generated by org.testng.reporters.JUnitReportReporter -->
<testsuite skipped="0" hostname="DESKTOP-44SJU5V" name="com.crm.comcast.organizationTest.SelectMultiple" tests="1" failures="0" timestamp="2021-10-28T15:37:40 IST" time="30.695" errors="0">
  <testcase name="mainXML" time="30.695" classname="com.crm.comcast.organizationTest.SelectMultiple"/>
  <system-out/>
</testsuite> <!-- com.crm.comcast.organizationTest.SelectMultiple -->
