<?xml version="1.0" encoding="UTF-8"?>
<!-- Generated by org.testng.reporters.JUnitReportReporter -->
<testsuite skipped="0" hostname="DESKTOP-44SJU5V" name="db_practice.MavenProfile2" tests="1" failures="0" timestamp="2021-11-10T17:50:34 IST" time="0.004" errors="0">
  <testcase name="MavenProfileTest2" time="0.004" classname="db_practice.MavenProfile2"/>
  <system-out/>
</testsuite> <!-- db_practice.MavenProfile2 -->
