<?xml version="1.0" encoding="UTF-8"?>
<!-- Generated by org.testng.reporters.JUnitReportReporter -->
<testsuite skipped="0" hostname="DESKTOP-44SJU5V" name="db_practice.MavenProfile" tests="1" failures="0" timestamp="2021-11-10T17:49:54 IST" time="0.007" errors="0">
  <testcase name="MavenProfileTest" time="0.007" classname="db_practice.MavenProfile"/>
  <system-out/>
</testsuite> <!-- db_practice.MavenProfile -->
