<?xml version="1.0" encoding="UTF-8"?>
<!-- Generated by org.testng.reporters.JUnitReportReporter -->
<testsuite skipped="0" hostname="DESKTOP-44SJU5V" name="com.crm.comcast.organizationTest.CreateOrganizationTest" tests="1" failures="0" timestamp="2021-11-11T11:33:27 IST" time="9.524" errors="0">
  <testcase name="createorg" time="9.524" classname="com.crm.comcast.organizationTest.CreateOrganizationTest"/>
  <system-out/>
</testsuite> <!-- com.crm.comcast.organizationTest.CreateOrganizationTest -->
